<?xml version="1.0" encoding="UTF-8"?>
<!-- Generated by org.testng.reporters.JUnitReportReporter -->
<testsuite skipped="0" hostname="LSLT-IT10255" name="Academy.AppTest" tests="1" failures="0" timestamp="12 Sep 2018 19:46:54 GMT" time="0.003" errors="0">
  <testcase name="testApp" time="0.003" classname="Academy.AppTest"/>
</testsuite> <!-- Academy.AppTest -->
